<?xml version="1.0" encoding="UTF-8"?>
<robot generator="Robot 5.0.1 (Python 3.8.8 on win32)" generated="20220916 22:41:49.096" rpa="false" schemaversion="3">
<suite id="s1" name="Login" source="E:\TESTING\Auto_Testing\RobotFramework\Robot_Basic\TestCase\Login.robot">
<test id="s1-t1" name="LoginTest" line="9">
<kw name="Open Browser" library="SeleniumLibrary">
<arg>${url}</arg>
<arg>${browser}</arg>
<doc>Opens a new browser instance to the optional ``url``.</doc>
<msg timestamp="20220916 22:41:49.423" level="INFO">Opening browser 'chrome' to base url 'https://demo.nopcommerce.com/'.</msg>
<status status="PASS" starttime="20220916 22:41:49.423" endtime="20220916 22:41:52.104"/>
</kw>
<kw name="LoginToApplication">
<kw name="Click Link" library="SeleniumLibrary">
<arg>xpath://a[@class='ico-login']</arg>
<doc>Clicks a link identified by ``locator``.</doc>
<msg timestamp="20220916 22:41:52.107" level="INFO">Clicking link 'xpath://a[@class='ico-login']'.</msg>
<status status="PASS" starttime="20220916 22:41:52.106" endtime="20220916 22:41:53.360"/>
</kw>
<kw name="Input Text" library="SeleniumLibrary">
<arg>id:Email</arg>
<arg>li123nh@gmail.com</arg>
<doc>Types the given ``text`` into the text field identified by ``locator``.</doc>
<msg timestamp="20220916 22:41:53.361" level="INFO">Typing text 'li123nh@gmail.com' into text field 'id:Email'.</msg>
<status status="PASS" starttime="20220916 22:41:53.360" endtime="20220916 22:41:53.494"/>
</kw>
<kw name="Input Text" library="SeleniumLibrary">
<arg>id:Password</arg>
<arg>Test@123</arg>
<doc>Types the given ``text`` into the text field identified by ``locator``.</doc>
<msg timestamp="20220916 22:41:53.495" level="INFO">Typing text 'Test@123' into text field 'id:Password'.</msg>
<status status="PASS" starttime="20220916 22:41:53.494" endtime="20220916 22:41:53.625"/>
</kw>
<kw name="Click Element" library="SeleniumLibrary">
<arg>xpath://button[@class='button-1 login-button']</arg>
<doc>Click the element identified by ``locator``.</doc>
<msg timestamp="20220916 22:41:53.627" level="INFO">Clicking element 'xpath://button[@class='button-1 login-button']'.</msg>
<status status="PASS" starttime="20220916 22:41:53.625" endtime="20220916 22:41:54.042"/>
</kw>
<status status="PASS" starttime="20220916 22:41:52.105" endtime="20220916 22:41:54.043"/>
</kw>
<kw name="Close Browser" library="SeleniumLibrary">
<doc>Closes the current browser.</doc>
<status status="PASS" starttime="20220916 22:41:54.045" endtime="20220916 22:41:56.262"/>
</kw>
<status status="PASS" starttime="20220916 22:41:49.421" endtime="20220916 22:41:56.264"/>
</test>
<status status="PASS" starttime="20220916 22:41:49.098" endtime="20220916 22:41:56.265"/>
</suite>
<statistics>
<total>
<stat pass="1" fail="0" skip="0">All Tests</stat>
</total>
<tag>
</tag>
<suite>
<stat pass="1" fail="0" skip="0" id="s1" name="Login">Login</stat>
</suite>
</statistics>
<errors>
</errors>
</robot>
